<?xml version="1.0" encoding="UTF-8"?>
<!-- Generated by org.testng.reporters.JUnitXMLReporter -->
<testsuite ignored="2" hostname="DESKTOP-L6GR9DC" failures="1" tests="1" name="Test" time="0.08" errors="0" timestamp="2024-03-31T17:16:53 IST">
  <testcase classname="testCases.TC_002_LoginTest" name="Logging_in" time="0.024">
    <failure type="java.lang.NullPointerException" message="Cannot invoke &amp;quot;org.openqa.selenium.SearchContext.findElement(org.openqa.selenium.By)&amp;quot; because &amp;quot;this.searchContext&amp;quot; is null">
      <![CDATA[java.lang.NullPointerException: Cannot invoke "org.openqa.selenium.SearchContext.findElement(org.openqa.selenium.By)" because "this.searchContext" is null
at org.openqa.selenium.support.pagefactory.DefaultElementLocator.findElement(DefaultElementLocator.java:68)
at org.openqa.selenium.support.pagefactory.internal.LocatingElementHandler.invoke(LocatingElementHandler.java:38)
at jdk.proxy2/jdk.proxy2.$Proxy12.click(Unknown Source)
at pageObjects.HomePage.clickMyAccount(HomePage.java:29)
at testCases.TC_002_LoginTest.Logging_in(TC_002_LoginTest.java:21)
at java.base/java.util.ArrayList.forEach(ArrayList.java:1511)
... Removed 27 stack frames]]>
    </failure>
  </testcase> <!-- Logging_in -->
  <testcase classname="testCases.TC_003_DDTest" name="LoginTest" time="0.0">
    <ignored/>
  </testcase> <!-- LoginTest -->
  <testcase classname="testCases.TC_001_AccountRegistrationTest" name="Registration" time="0.0">
    <ignored/>
  </testcase> <!-- Registration -->
</testsuite> <!-- Test -->
